{"C:\\Users\\HP\\OneDrive\\Desktop\\Projects\\Node Projects\\express-blog-api\\controllers\\commentController.js": {"path":"C:\\Users\\HP\\OneDrive\\Desktop\\Projects\\Node Projects\\express-blog-api\\controllers\\commentController.js","statementMap":{"0":{"start":{"line":1,"column":16},"end":{"line":1,"column":49}},"1":{"start":{"line":2,"column":13},"end":{"line":2,"column":43}},"2":{"start":{"line":4,"column":14},"end":{"line":38,"column":1}},"3":{"start":{"line":5,"column":22},"end":{"line":5,"column":30}},"4":{"start":{"line":7,"column":2},"end":{"line":37,"column":3}},"5":{"start":{"line":8,"column":17},"end":{"line":8,"column":55}},"6":{"start":{"line":10,"column":4},"end":{"line":15,"column":5}},"7":{"start":{"line":11,"column":6},"end":{"line":14,"column":9}},"8":{"start":{"line":17,"column":20},"end":{"line":21,"column":6}},"9":{"start":{"line":23,"column":4},"end":{"line":23,"column":36}},"10":{"start":{"line":24,"column":4},"end":{"line":24,"column":22}},"11":{"start":{"line":26,"column":4},"end":{"line":31,"column":7}},"12":{"start":{"line":33,"column":4},"end":{"line":36,"column":7}},"13":{"start":{"line":40,"column":14},"end":{"line":58,"column":1}},"14":{"start":{"line":41,"column":2},"end":{"line":57,"column":3}},"15":{"start":{"line":42,"column":21},"end":{"line":44,"column":30}},"16":{"start":{"line":46,"column":4},"end":{"line":51,"column":7}},"17":{"start":{"line":53,"column":4},"end":{"line":56,"column":7}},"18":{"start":{"line":60,"column":15},"end":{"line":96,"column":1}},"19":{"start":{"line":61,"column":22},"end":{"line":61,"column":30}},"20":{"start":{"line":63,"column":2},"end":{"line":95,"column":3}},"21":{"start":{"line":64,"column":20},"end":{"line":64,"column":64}},"22":{"start":{"line":66,"column":4},"end":{"line":71,"column":5}},"23":{"start":{"line":67,"column":6},"end":{"line":70,"column":9}},"24":{"start":{"line":73,"column":4},"end":{"line":78,"column":5}},"25":{"start":{"line":74,"column":6},"end":{"line":77,"column":9}},"26":{"start":{"line":80,"column":4},"end":{"line":80,"column":49}},"27":{"start":{"line":82,"column":27},"end":{"line":82,"column":47}},"28":{"start":{"line":84,"column":4},"end":{"line":89,"column":7}},"29":{"start":{"line":91,"column":4},"end":{"line":94,"column":7}},"30":{"start":{"line":98,"column":16},"end":{"line":127,"column":1}},"31":{"start":{"line":99,"column":2},"end":{"line":126,"column":3}},"32":{"start":{"line":100,"column":20},"end":{"line":100,"column":64}},"33":{"start":{"line":102,"column":4},"end":{"line":107,"column":5}},"34":{"start":{"line":103,"column":6},"end":{"line":106,"column":9}},"35":{"start":{"line":109,"column":4},"end":{"line":114,"column":5}},"36":{"start":{"line":110,"column":6},"end":{"line":113,"column":9}},"37":{"start":{"line":116,"column":4},"end":{"line":116,"column":30}},"38":{"start":{"line":117,"column":4},"end":{"line":120,"column":7}},"39":{"start":{"line":122,"column":4},"end":{"line":125,"column":7}},"40":{"start":{"line":129,"column":0},"end":{"line":129,"column":51}}},"fnMap":{"0":{"name":"(anonymous_0)","decl":{"start":{"line":4,"column":14},"end":{"line":4,"column":15}},"loc":{"start":{"line":4,"column":34},"end":{"line":38,"column":1}},"line":4},"1":{"name":"(anonymous_1)","decl":{"start":{"line":40,"column":14},"end":{"line":40,"column":15}},"loc":{"start":{"line":40,"column":34},"end":{"line":58,"column":1}},"line":40},"2":{"name":"(anonymous_2)","decl":{"start":{"line":60,"column":15},"end":{"line":60,"column":16}},"loc":{"start":{"line":60,"column":35},"end":{"line":96,"column":1}},"line":60},"3":{"name":"(anonymous_3)","decl":{"start":{"line":98,"column":16},"end":{"line":98,"column":17}},"loc":{"start":{"line":98,"column":36},"end":{"line":127,"column":1}},"line":98}},"branchMap":{"0":{"loc":{"start":{"line":10,"column":4},"end":{"line":15,"column":5}},"type":"if","locations":[{"start":{"line":10,"column":4},"end":{"line":15,"column":5}},{"start":{},"end":{}}],"line":10},"1":{"loc":{"start":{"line":66,"column":4},"end":{"line":71,"column":5}},"type":"if","locations":[{"start":{"line":66,"column":4},"end":{"line":71,"column":5}},{"start":{},"end":{}}],"line":66},"2":{"loc":{"start":{"line":73,"column":4},"end":{"line":78,"column":5}},"type":"if","locations":[{"start":{"line":73,"column":4},"end":{"line":78,"column":5}},{"start":{},"end":{}}],"line":73},"3":{"loc":{"start":{"line":80,"column":22},"end":{"line":80,"column":48}},"type":"binary-expr","locations":[{"start":{"line":80,"column":22},"end":{"line":80,"column":29}},{"start":{"line":80,"column":33},"end":{"line":80,"column":48}}],"line":80},"4":{"loc":{"start":{"line":102,"column":4},"end":{"line":107,"column":5}},"type":"if","locations":[{"start":{"line":102,"column":4},"end":{"line":107,"column":5}},{"start":{},"end":{}}],"line":102},"5":{"loc":{"start":{"line":109,"column":4},"end":{"line":114,"column":5}},"type":"if","locations":[{"start":{"line":109,"column":4},"end":{"line":114,"column":5}},{"start":{},"end":{}}],"line":109}},"s":{"0":2,"1":2,"2":2,"3":0,"4":0,"5":0,"6":0,"7":0,"8":0,"9":0,"10":0,"11":0,"12":0,"13":2,"14":0,"15":0,"16":0,"17":0,"18":2,"19":0,"20":0,"21":0,"22":0,"23":0,"24":0,"25":0,"26":0,"27":0,"28":0,"29":0,"30":2,"31":0,"32":0,"33":0,"34":0,"35":0,"36":0,"37":0,"38":0,"39":0,"40":2},"f":{"0":0,"1":0,"2":0,"3":0},"b":{"0":[0,0],"1":[0,0],"2":[0,0],"3":[0,0],"4":[0,0],"5":[0,0]},"_coverageSchema":"1a1c01bbd47fc00a2c39e90264f33305004495a9","hash":"6c5257c239f7ea66c49fb057ce26e3ca9597dab6"}
,"C:\\Users\\HP\\OneDrive\\Desktop\\Projects\\Node Projects\\express-blog-api\\controllers\\postController.js": {"path":"C:\\Users\\HP\\OneDrive\\Desktop\\Projects\\Node Projects\\express-blog-api\\controllers\\postController.js","statementMap":{"0":{"start":{"line":1,"column":13},"end":{"line":1,"column":43}},"1":{"start":{"line":3,"column":14},"end":{"line":25,"column":1}},"2":{"start":{"line":4,"column":29},"end":{"line":4,"column":37}},"3":{"start":{"line":6,"column":2},"end":{"line":24,"column":3}},"4":{"start":{"line":7,"column":17},"end":{"line":11,"column":6}},"5":{"start":{"line":13,"column":4},"end":{"line":18,"column":7}},"6":{"start":{"line":20,"column":4},"end":{"line":23,"column":7}},"7":{"start":{"line":27,"column":26},"end":{"line":36,"column":1}},"8":{"start":{"line":28,"column":2},"end":{"line":28,"column":25}},"9":{"start":{"line":28,"column":15},"end":{"line":28,"column":25}},"10":{"start":{"line":29,"column":2},"end":{"line":35,"column":4}},"11":{"start":{"line":38,"column":26},"end":{"line":46,"column":1}},"12":{"start":{"line":39,"column":2},"end":{"line":39,"column":25}},"13":{"start":{"line":39,"column":15},"end":{"line":39,"column":25}},"14":{"start":{"line":40,"column":2},"end":{"line":45,"column":4}},"15":{"start":{"line":48,"column":33},"end":{"line":118,"column":1}},"16":{"start":{"line":49,"column":2},"end":{"line":117,"column":4}},"17":{"start":{"line":120,"column":24},"end":{"line":139,"column":1}},"18":{"start":{"line":121,"column":21},"end":{"line":137,"column":4}},"19":{"start":{"line":138,"column":2},"end":{"line":138,"column":57}},"20":{"start":{"line":141,"column":14},"end":{"line":175,"column":1}},"21":{"start":{"line":142,"column":2},"end":{"line":174,"column":3}},"22":{"start":{"line":143,"column":22},"end":{"line":143,"column":55}},"23":{"start":{"line":144,"column":17},"end":{"line":144,"column":46}},"24":{"start":{"line":145,"column":18},"end":{"line":145,"column":49}},"25":{"start":{"line":146,"column":17},"end":{"line":146,"column":35}},"26":{"start":{"line":148,"column":25},"end":{"line":148,"column":60}},"27":{"start":{"line":149,"column":25},"end":{"line":149,"column":60}},"28":{"start":{"line":150,"column":28},"end":{"line":150,"column":66}},"29":{"start":{"line":152,"column":18},"end":{"line":154,"column":5}},"30":{"start":{"line":156,"column":18},"end":{"line":156,"column":67}},"31":{"start":{"line":158,"column":4},"end":{"line":168,"column":7}},"32":{"start":{"line":170,"column":4},"end":{"line":173,"column":7}},"33":{"start":{"line":177,"column":13},"end":{"line":203,"column":1}},"34":{"start":{"line":178,"column":2},"end":{"line":202,"column":3}},"35":{"start":{"line":179,"column":17},"end":{"line":182,"column":5}},"36":{"start":{"line":184,"column":4},"end":{"line":189,"column":5}},"37":{"start":{"line":185,"column":6},"end":{"line":188,"column":9}},"38":{"start":{"line":191,"column":4},"end":{"line":196,"column":7}},"39":{"start":{"line":198,"column":4},"end":{"line":201,"column":7}},"40":{"start":{"line":205,"column":15},"end":{"line":244,"column":1}},"41":{"start":{"line":206,"column":29},"end":{"line":206,"column":37}},"42":{"start":{"line":208,"column":2},"end":{"line":243,"column":3}},"43":{"start":{"line":209,"column":17},"end":{"line":212,"column":5}},"44":{"start":{"line":214,"column":4},"end":{"line":219,"column":5}},"45":{"start":{"line":215,"column":6},"end":{"line":218,"column":9}},"46":{"start":{"line":221,"column":4},"end":{"line":226,"column":5}},"47":{"start":{"line":222,"column":6},"end":{"line":225,"column":9}},"48":{"start":{"line":228,"column":4},"end":{"line":228,"column":37}},"49":{"start":{"line":229,"column":4},"end":{"line":229,"column":43}},"50":{"start":{"line":231,"column":24},"end":{"line":231,"column":41}},"51":{"start":{"line":232,"column":4},"end":{"line":237,"column":7}},"52":{"start":{"line":239,"column":4},"end":{"line":242,"column":7}},"53":{"start":{"line":246,"column":16},"end":{"line":275,"column":1}},"54":{"start":{"line":247,"column":2},"end":{"line":274,"column":3}},"55":{"start":{"line":248,"column":17},"end":{"line":248,"column":51}},"56":{"start":{"line":250,"column":4},"end":{"line":255,"column":5}},"57":{"start":{"line":251,"column":6},"end":{"line":254,"column":9}},"58":{"start":{"line":257,"column":4},"end":{"line":262,"column":5}},"59":{"start":{"line":258,"column":6},"end":{"line":261,"column":9}},"60":{"start":{"line":264,"column":4},"end":{"line":264,"column":27}},"61":{"start":{"line":265,"column":4},"end":{"line":268,"column":7}},"62":{"start":{"line":270,"column":4},"end":{"line":273,"column":7}},"63":{"start":{"line":277,"column":0},"end":{"line":277,"column":57}}},"fnMap":{"0":{"name":"(anonymous_0)","decl":{"start":{"line":3,"column":14},"end":{"line":3,"column":15}},"loc":{"start":{"line":3,"column":34},"end":{"line":25,"column":1}},"line":3},"1":{"name":"(anonymous_1)","decl":{"start":{"line":27,"column":26},"end":{"line":27,"column":27}},"loc":{"start":{"line":27,"column":38},"end":{"line":36,"column":1}},"line":27},"2":{"name":"(anonymous_2)","decl":{"start":{"line":38,"column":26},"end":{"line":38,"column":27}},"loc":{"start":{"line":38,"column":38},"end":{"line":46,"column":1}},"line":38},"3":{"name":"(anonymous_3)","decl":{"start":{"line":48,"column":33},"end":{"line":48,"column":34}},"loc":{"start":{"line":48,"column":70},"end":{"line":118,"column":1}},"line":48},"4":{"name":"(anonymous_4)","decl":{"start":{"line":120,"column":24},"end":{"line":120,"column":25}},"loc":{"start":{"line":120,"column":62},"end":{"line":139,"column":1}},"line":120},"5":{"name":"(anonymous_5)","decl":{"start":{"line":141,"column":14},"end":{"line":141,"column":15}},"loc":{"start":{"line":141,"column":34},"end":{"line":175,"column":1}},"line":141},"6":{"name":"(anonymous_6)","decl":{"start":{"line":177,"column":13},"end":{"line":177,"column":14}},"loc":{"start":{"line":177,"column":33},"end":{"line":203,"column":1}},"line":177},"7":{"name":"(anonymous_7)","decl":{"start":{"line":205,"column":15},"end":{"line":205,"column":16}},"loc":{"start":{"line":205,"column":35},"end":{"line":244,"column":1}},"line":205},"8":{"name":"(anonymous_8)","decl":{"start":{"line":246,"column":16},"end":{"line":246,"column":17}},"loc":{"start":{"line":246,"column":36},"end":{"line":275,"column":1}},"line":246}},"branchMap":{"0":{"loc":{"start":{"line":28,"column":2},"end":{"line":28,"column":25}},"type":"if","locations":[{"start":{"line":28,"column":2},"end":{"line":28,"column":25}},{"start":{},"end":{}}],"line":28},"1":{"loc":{"start":{"line":39,"column":2},"end":{"line":39,"column":25}},"type":"if","locations":[{"start":{"line":39,"column":2},"end":{"line":39,"column":25}},{"start":{},"end":{}}],"line":39},"2":{"loc":{"start":{"line":138,"column":9},"end":{"line":138,"column":56}},"type":"cond-expr","locations":[{"start":{"line":138,"column":33},"end":{"line":138,"column":52}},{"start":{"line":138,"column":55},"end":{"line":138,"column":56}}],"line":138},"3":{"loc":{"start":{"line":143,"column":22},"end":{"line":143,"column":55}},"type":"cond-expr","locations":[{"start":{"line":143,"column":49},"end":{"line":143,"column":50}},{"start":{"line":143,"column":53},"end":{"line":143,"column":55}}],"line":143},"4":{"loc":{"start":{"line":144,"column":17},"end":{"line":144,"column":46}},"type":"binary-expr","locations":[{"start":{"line":144,"column":17},"end":{"line":144,"column":41}},{"start":{"line":144,"column":45},"end":{"line":144,"column":46}}],"line":144},"5":{"loc":{"start":{"line":145,"column":18},"end":{"line":145,"column":49}},"type":"binary-expr","locations":[{"start":{"line":145,"column":18},"end":{"line":145,"column":43}},{"start":{"line":145,"column":47},"end":{"line":145,"column":49}}],"line":145},"6":{"loc":{"start":{"line":184,"column":4},"end":{"line":189,"column":5}},"type":"if","locations":[{"start":{"line":184,"column":4},"end":{"line":189,"column":5}},{"start":{},"end":{}}],"line":184},"7":{"loc":{"start":{"line":214,"column":4},"end":{"line":219,"column":5}},"type":"if","locations":[{"start":{"line":214,"column":4},"end":{"line":219,"column":5}},{"start":{},"end":{}}],"line":214},"8":{"loc":{"start":{"line":221,"column":4},"end":{"line":226,"column":5}},"type":"if","locations":[{"start":{"line":221,"column":4},"end":{"line":226,"column":5}},{"start":{},"end":{}}],"line":221},"9":{"loc":{"start":{"line":228,"column":17},"end":{"line":228,"column":36}},"type":"binary-expr","locations":[{"start":{"line":228,"column":17},"end":{"line":228,"column":22}},{"start":{"line":228,"column":26},"end":{"line":228,"column":36}}],"line":228},"10":{"loc":{"start":{"line":229,"column":19},"end":{"line":229,"column":42}},"type":"binary-expr","locations":[{"start":{"line":229,"column":19},"end":{"line":229,"column":26}},{"start":{"line":229,"column":30},"end":{"line":229,"column":42}}],"line":229},"11":{"loc":{"start":{"line":250,"column":4},"end":{"line":255,"column":5}},"type":"if","locations":[{"start":{"line":250,"column":4},"end":{"line":255,"column":5}},{"start":{},"end":{}}],"line":250},"12":{"loc":{"start":{"line":257,"column":4},"end":{"line":262,"column":5}},"type":"if","locations":[{"start":{"line":257,"column":4},"end":{"line":262,"column":5}},{"start":{},"end":{}}],"line":257}},"s":{"0":2,"1":2,"2":1,"3":1,"4":1,"5":1,"6":0,"7":2,"8":1,"9":1,"10":0,"11":2,"12":1,"13":1,"14":0,"15":2,"16":1,"17":2,"18":1,"19":1,"20":2,"21":1,"22":1,"23":1,"24":1,"25":1,"26":1,"27":1,"28":1,"29":1,"30":1,"31":1,"32":0,"33":2,"34":1,"35":1,"36":1,"37":0,"38":1,"39":0,"40":2,"41":1,"42":1,"43":1,"44":1,"45":0,"46":1,"47":0,"48":1,"49":1,"50":1,"51":1,"52":0,"53":2,"54":1,"55":1,"56":1,"57":0,"58":1,"59":0,"60":1,"61":1,"62":0,"63":2},"f":{"0":1,"1":1,"2":1,"3":1,"4":1,"5":1,"6":1,"7":1,"8":1},"b":{"0":[1,0],"1":[1,0],"2":[1,0],"3":[0,1],"4":[1,1],"5":[1,1],"6":[0,1],"7":[0,1],"8":[0,1],"9":[1,0],"10":[1,0],"11":[0,1],"12":[0,1]},"_coverageSchema":"1a1c01bbd47fc00a2c39e90264f33305004495a9","hash":"99f29d9223a14b319adc243037ee125921baee00"}
,"C:\\Users\\HP\\OneDrive\\Desktop\\Projects\\Node Projects\\express-blog-api\\controllers\\userController.js": {"path":"C:\\Users\\HP\\OneDrive\\Desktop\\Projects\\Node Projects\\express-blog-api\\controllers\\userController.js","statementMap":{"0":{"start":{"line":1,"column":13},"end":{"line":1,"column":43}},"1":{"start":{"line":2,"column":12},"end":{"line":2,"column":35}},"2":{"start":{"line":3,"column":15},"end":{"line":3,"column":34}},"3":{"start":{"line":5,"column":22},"end":{"line":7,"column":1}},"4":{"start":{"line":6,"column":2},"end":{"line":6,"column":72}},"5":{"start":{"line":9,"column":21},"end":{"line":44,"column":1}},"6":{"start":{"line":10,"column":36},"end":{"line":10,"column":44}},"7":{"start":{"line":12,"column":2},"end":{"line":43,"column":3}},"8":{"start":{"line":13,"column":23},"end":{"line":13,"column":52}},"9":{"start":{"line":14,"column":4},"end":{"line":18,"column":5}},"10":{"start":{"line":15,"column":6},"end":{"line":17,"column":9}},"11":{"start":{"line":20,"column":17},"end":{"line":20,"column":61}},"12":{"start":{"line":21,"column":4},"end":{"line":37,"column":5}},"13":{"start":{"line":22,"column":6},"end":{"line":31,"column":9}},"14":{"start":{"line":33,"column":6},"end":{"line":36,"column":9}},"15":{"start":{"line":39,"column":4},"end":{"line":42,"column":7}},"16":{"start":{"line":46,"column":18},"end":{"line":73,"column":1}},"17":{"start":{"line":47,"column":30},"end":{"line":47,"column":38}},"18":{"start":{"line":49,"column":2},"end":{"line":72,"column":3}},"19":{"start":{"line":50,"column":17},"end":{"line":50,"column":46}},"20":{"start":{"line":51,"column":4},"end":{"line":66,"column":5}},"21":{"start":{"line":52,"column":6},"end":{"line":60,"column":9}},"22":{"start":{"line":62,"column":6},"end":{"line":65,"column":9}},"23":{"start":{"line":68,"column":4},"end":{"line":71,"column":7}},"24":{"start":{"line":75,"column":23},"end":{"line":93,"column":1}},"25":{"start":{"line":76,"column":15},"end":{"line":76,"column":47}},"26":{"start":{"line":78,"column":2},"end":{"line":92,"column":3}},"27":{"start":{"line":79,"column":4},"end":{"line":86,"column":7}},"28":{"start":{"line":88,"column":4},"end":{"line":91,"column":7}},"29":{"start":{"line":95,"column":0},"end":{"line":95,"column":61}}},"fnMap":{"0":{"name":"(anonymous_0)","decl":{"start":{"line":5,"column":22},"end":{"line":5,"column":23}},"loc":{"start":{"line":5,"column":30},"end":{"line":7,"column":1}},"line":5},"1":{"name":"(anonymous_1)","decl":{"start":{"line":9,"column":21},"end":{"line":9,"column":22}},"loc":{"start":{"line":9,"column":41},"end":{"line":44,"column":1}},"line":9},"2":{"name":"(anonymous_2)","decl":{"start":{"line":46,"column":18},"end":{"line":46,"column":19}},"loc":{"start":{"line":46,"column":38},"end":{"line":73,"column":1}},"line":46},"3":{"name":"(anonymous_3)","decl":{"start":{"line":75,"column":23},"end":{"line":75,"column":24}},"loc":{"start":{"line":75,"column":43},"end":{"line":93,"column":1}},"line":75}},"branchMap":{"0":{"loc":{"start":{"line":14,"column":4},"end":{"line":18,"column":5}},"type":"if","locations":[{"start":{"line":14,"column":4},"end":{"line":18,"column":5}},{"start":{},"end":{}}],"line":14},"1":{"loc":{"start":{"line":21,"column":4},"end":{"line":37,"column":5}},"type":"if","locations":[{"start":{"line":21,"column":4},"end":{"line":37,"column":5}},{"start":{"line":32,"column":11},"end":{"line":37,"column":5}}],"line":21},"2":{"loc":{"start":{"line":51,"column":4},"end":{"line":66,"column":5}},"type":"if","locations":[{"start":{"line":51,"column":4},"end":{"line":66,"column":5}},{"start":{"line":61,"column":11},"end":{"line":66,"column":5}}],"line":51},"3":{"loc":{"start":{"line":51,"column":8},"end":{"line":51,"column":63}},"type":"binary-expr","locations":[{"start":{"line":51,"column":8},"end":{"line":51,"column":12}},{"start":{"line":51,"column":17},"end":{"line":51,"column":62}}],"line":51},"4":{"loc":{"start":{"line":78,"column":2},"end":{"line":92,"column":3}},"type":"if","locations":[{"start":{"line":78,"column":2},"end":{"line":92,"column":3}},{"start":{"line":87,"column":9},"end":{"line":92,"column":3}}],"line":78}},"s":{"0":2,"1":2,"2":2,"3":2,"4":2,"5":2,"6":2,"7":2,"8":2,"9":2,"10":1,"11":1,"12":1,"13":1,"14":0,"15":0,"16":2,"17":2,"18":2,"19":2,"20":2,"21":1,"22":1,"23":0,"24":2,"25":1,"26":1,"27":1,"28":0,"29":2},"f":{"0":2,"1":2,"2":2,"3":1},"b":{"0":[1,1],"1":[1,0],"2":[1,1],"3":[2,1],"4":[1,0]},"_coverageSchema":"1a1c01bbd47fc00a2c39e90264f33305004495a9","hash":"47181f0a02ac45421abb51c2bb5af8465a28198b"}
}
