TN:
SF:controllers\commentController.js
FN:4,(anonymous_0)
FN:40,(anonymous_1)
FN:60,(anonymous_2)
FN:98,(anonymous_3)
FNF:4
FNH:0
FNDA:0,(anonymous_0)
FNDA:0,(anonymous_1)
FNDA:0,(anonymous_2)
FNDA:0,(anonymous_3)
DA:1,2
DA:2,2
DA:4,2
DA:5,0
DA:7,0
DA:8,0
DA:10,0
DA:11,0
DA:17,0
DA:23,0
DA:24,0
DA:26,0
DA:33,0
DA:40,2
DA:41,0
DA:42,0
DA:46,0
DA:53,0
DA:60,2
DA:61,0
DA:63,0
DA:64,0
DA:66,0
DA:67,0
DA:73,0
DA:74,0
DA:80,0
DA:82,0
DA:84,0
DA:91,0
DA:98,2
DA:99,0
DA:100,0
DA:102,0
DA:103,0
DA:109,0
DA:110,0
DA:116,0
DA:117,0
DA:122,0
DA:129,2
LF:41
LH:7
BRDA:10,0,0,0
BRDA:10,0,1,0
BRDA:66,1,0,0
BRDA:66,1,1,0
BRDA:73,2,0,0
BRDA:73,2,1,0
BRDA:80,3,0,0
BRDA:80,3,1,0
BRDA:102,4,0,0
BRDA:102,4,1,0
BRDA:109,5,0,0
BRDA:109,5,1,0
BRF:12
BRH:0
end_of_record
TN:
SF:controllers\postController.js
FN:3,(anonymous_0)
FN:27,(anonymous_1)
FN:38,(anonymous_2)
FN:48,(anonymous_3)
FN:120,(anonymous_4)
FN:141,(anonymous_5)
FN:177,(anonymous_6)
FN:205,(anonymous_7)
FN:246,(anonymous_8)
FNF:9
FNH:9
FNDA:1,(anonymous_0)
FNDA:1,(anonymous_1)
FNDA:1,(anonymous_2)
FNDA:1,(anonymous_3)
FNDA:1,(anonymous_4)
FNDA:1,(anonymous_5)
FNDA:1,(anonymous_6)
FNDA:1,(anonymous_7)
FNDA:1,(anonymous_8)
DA:1,2
DA:3,2
DA:4,1
DA:6,1
DA:7,1
DA:13,1
DA:20,0
DA:27,2
DA:28,1
DA:29,0
DA:38,2
DA:39,1
DA:40,0
DA:48,2
DA:49,1
DA:120,2
DA:121,1
DA:138,1
DA:141,2
DA:142,1
DA:143,1
DA:144,1
DA:145,1
DA:146,1
DA:148,1
DA:149,1
DA:150,1
DA:152,1
DA:156,1
DA:158,1
DA:170,0
DA:177,2
DA:178,1
DA:179,1
DA:184,1
DA:185,0
DA:191,1
DA:198,0
DA:205,2
DA:206,1
DA:208,1
DA:209,1
DA:214,1
DA:215,0
DA:221,1
DA:222,0
DA:228,1
DA:229,1
DA:231,1
DA:232,1
DA:239,0
DA:246,2
DA:247,1
DA:248,1
DA:250,1
DA:251,0
DA:257,1
DA:258,0
DA:264,1
DA:265,1
DA:270,0
DA:277,2
LF:62
LH:50
BRDA:28,0,0,1
BRDA:28,0,1,0
BRDA:39,1,0,1
BRDA:39,1,1,0
BRDA:138,2,0,1
BRDA:138,2,1,0
BRDA:143,3,0,0
BRDA:143,3,1,1
BRDA:144,4,0,1
BRDA:144,4,1,1
BRDA:145,5,0,1
BRDA:145,5,1,1
BRDA:184,6,0,0
BRDA:184,6,1,1
BRDA:214,7,0,0
BRDA:214,7,1,1
BRDA:221,8,0,0
BRDA:221,8,1,1
BRDA:228,9,0,1
BRDA:228,9,1,0
BRDA:229,10,0,1
BRDA:229,10,1,0
BRDA:250,11,0,0
BRDA:250,11,1,1
BRDA:257,12,0,0
BRDA:257,12,1,1
BRF:26
BRH:15
end_of_record
TN:
SF:controllers\userController.js
FN:5,(anonymous_0)
FN:9,(anonymous_1)
FN:46,(anonymous_2)
FN:75,(anonymous_3)
FNF:4
FNH:4
FNDA:2,(anonymous_0)
FNDA:2,(anonymous_1)
FNDA:2,(anonymous_2)
FNDA:1,(anonymous_3)
DA:1,2
DA:2,2
DA:3,2
DA:5,2
DA:6,2
DA:9,2
DA:10,2
DA:12,2
DA:13,2
DA:14,2
DA:15,1
DA:20,1
DA:21,1
DA:22,1
DA:33,0
DA:39,0
DA:46,2
DA:47,2
DA:49,2
DA:50,2
DA:51,2
DA:52,1
DA:62,1
DA:68,0
DA:75,2
DA:76,1
DA:78,1
DA:79,1
DA:88,0
DA:95,2
LF:30
LH:26
BRDA:14,0,0,1
BRDA:14,0,1,1
BRDA:21,1,0,1
BRDA:21,1,1,0
BRDA:51,2,0,1
BRDA:51,2,1,1
BRDA:51,3,0,2
BRDA:51,3,1,1
BRDA:78,4,0,1
BRDA:78,4,1,0
BRF:10
BRH:8
end_of_record
